<?xml version="1.0" encoding="UTF-8"?>
<testsuite name="cabinvoicegenerator.InvoiceServiceTest" tests="11" skipped="0" failures="0" errors="0" timestamp="2019-12-20T05:42:42" hostname="admin1-Lenovo-Product" time="0.006">
  <properties/>
  <testcase name="givenLessDistanceAndTime_ShouldReturnMinimumFare" classname="cabinvoicegenerator.InvoiceServiceTest" time="0.001"/>
  <testcase name="givenUserId_WithPremiumRides_ShouldReturnInvoiceSummary" classname="cabinvoicegenerator.InvoiceServiceTest" time="0.0"/>
  <testcase name="givenUserIdAndRides_ShouldReturnInvoiceSummary" classname="cabinvoicegenerator.InvoiceServiceTest" time="0.001"/>
  <testcase name="givenProperUserId_WhenRidesAreMultipleAreGiven_ShouldGetsAddedToRideRepository" classname="cabinvoicegenerator.InvoiceServiceTest" time="0.0"/>
  <testcase name="givenUserId_WithPremiumWithMultipleRides_ShouldReturnInvoiceSummary" classname="cabinvoicegenerator.InvoiceServiceTest" time="0.0"/>
  <testcase name="givenNullUserId_WithPremiumWithMultipleRides_ShouldHandleException" classname="cabinvoicegenerator.InvoiceServiceTest" time="0.0"/>
  <testcase name="givenMultiplePremiumRides_ShouldReturnInvoiceSummary" classname="cabinvoicegenerator.InvoiceServiceTest" time="0.0"/>
  <testcase name="givenUserId_WithMixedRideTypeWithMultipleRides_ShouldReturnInvoiceSummary" classname="cabinvoicegenerator.InvoiceServiceTest" time="0.0"/>
  <testcase name="givenUserId_WithMixedRideTypeWithNullTimeWithMultipleRides_ShouldHandleException" classname="cabinvoicegenerator.InvoiceServiceTest" time="0.0"/>
  <testcase name="givenDistanceAndTime_ShouldReturnTotalFare" classname="cabinvoicegenerator.InvoiceServiceTest" time="0.0"/>
  <testcase name="givenMultipleRides_ShouldReturnInvoiceSummary" classname="cabinvoicegenerator.InvoiceServiceTest" time="0.0"/>
  <system-out><![CDATA[]]></system-out>
  <system-err><![CDATA[]]></system-err>
</testsuite>
